May 10 04:48:45.723 [notice] Tor 0.3.4.6-rc-dev (git-71e563f268a0bae3) running on Linux with Libevent 2.0.21-stable, OpenSSL 1.0.1t, Zlib 1.2.8, Liblzma N/A, and Libzstd N/A.
May 10 04:48:45.723 [notice] Tor can't help you if you use it wrong! Learn how to be safe at https://www.torproject.org/download/download#warning
May 10 04:48:45.724 [notice] Read configuration file "/etc/tor/torrc".
May 10 04:48:45.729 [notice] Your ContactInfo config option is not set. Please consider setting it, so we can contact you if your server is misconfigured or something else goes wrong.
May 10 04:48:45.729 [notice] Based on detected system memory, MaxMemInQueues is set to 3752 MB. You can override this by setting MaxMemInQueues by hand.
May 10 04:48:45.729 [warn] Tor is running as an exit relay. If you did not want this behavior, please set the ExitRelay option to 0. If you do want to run an exit Relay, please set the ExitRelay option to 1 to disable this warning, and for forward compatibility.
May 10 04:48:45.729 [warn] You have used DirAuthority or AlternateDirAuthority to specify alternate directory authorities in your configuration. This is potentially dangerous: it can make you look different from all other Tor users, and hurt your anonymity. Even if you've specified the same authorities as Tor uses by default, the defaults could change in the future. Be sure you know what you're doing.
May 10 04:48:45.729 [warn] TestingTorNetwork is set. This will make your node almost unusable in the public Tor network, and is therefore only advised if you are building a testing Tor network!
May 10 04:48:45.731 [notice] Scheduler type KIST has been enabled.
May 10 04:48:45.731 [notice] Opening Socks listener on 127.0.0.1:9050
May 10 04:48:45.731 [notice] Opening OR listener on 172.18.0.6:7000
May 10 04:48:45.731 [notice] Opening Directory listener on 172.18.0.6:9030
May 10 04:48:45.000 [notice] Tor 0.3.4.6-rc-dev (git-71e563f268a0bae3) opening log file.
May 10 04:48:45.723 [notice] Tor 0.3.4.6-rc-dev (git-71e563f268a0bae3) running on Linux with Libevent 2.0.21-stable, OpenSSL 1.0.1t, Zlib 1.2.8, Liblzma N/A, and Libzstd N/A.
May 10 04:48:45.723 [notice] Tor can't help you if you use it wrong! Learn how to be safe at https://www.torproject.org/download/download#warning
May 10 04:48:45.724 [notice] Read configuration file "/etc/tor/torrc".
May 10 04:48:45.729 [notice] Your ContactInfo config option is not set. Please consider setting it, so we can contact you if your server is misconfigured or something else goes wrong.
May 10 04:48:45.729 [notice] Based on detected system memory, MaxMemInQueues is set to 3752 MB. You can override this by setting MaxMemInQueues by hand.
May 10 04:48:45.729 [warn] Tor is running as an exit relay. If you did not want this behavior, please set the ExitRelay option to 0. If you do want to run an exit Relay, please set the ExitRelay option to 1 to disable this warning, and for forward compatibility.
May 10 04:48:45.729 [warn] You have used DirAuthority or AlternateDirAuthority to specify alternate directory authorities in your configuration. This is potentially dangerous: it can make you look different from all other Tor users, and hurt your anonymity. Even if you've specified the same authorities as Tor uses by default, the defaults could change in the future. Be sure you know what you're doing.
May 10 04:48:45.729 [warn] TestingTorNetwork is set. This will make your node almost unusable in the public Tor network, and is therefore only advised if you are building a testing Tor network!
May 10 04:48:45.731 [notice] Scheduler type KIST has been enabled.
May 10 04:48:45.731 [notice] Opening Socks listener on 127.0.0.1:9050
May 10 04:48:45.731 [notice] Opening OR listener on 172.18.0.6:7000
May 10 04:48:45.731 [notice] Opening Directory listener on 172.18.0.6:9030
May 10 04:48:45.000 [notice] Parsing GEOIP IPv4 file /usr/local/share/tor/geoip.
May 10 04:48:45.000 [notice] Parsing GEOIP IPv6 file /usr/local/share/tor/geoip6.
May 10 04:48:45.000 [notice] Configured to measure statistics. Look for the *-stats files that will first be written to the data directory in 24 hours from now.
May 10 04:48:45.000 [warn] You are running Tor as root. You don't need to, and you probably shouldn't.
May 10 04:48:45.000 [notice] You are running a new relay. Thanks for helping the Tor network! If you wish to know what will happen in the upcoming weeks regarding its usage, have a look at https://blog.torproject.org/blog/lifecycle-of-a-new-relay
May 10 04:48:45.000 [notice] It looks like I need to generate and sign a new medium-term signing key, because I don't have one. To do that, I need to load (or create) the permanent master identity key. If the master identity key was not moved or encrypted with a passphrase, this will be done automatically and no further action is required. Otherwise, provide the necessary data using 'tor --keygen' to do it manually.
May 10 04:48:46.000 [notice] Your Tor server's identity key fingerprint is 'AvroRelay2 1463180F92D63DE0BDE75D2E0CBA94D6B9B245CF'
May 10 04:48:46.000 [notice] Bootstrapped 0%: Starting
May 10 04:48:46.000 [notice] Starting with guard context "default"
May 10 04:48:47.000 [warn] Received http status code 404 ("Not found") from server '172.18.0.4:9030' while fetching consensus directory.
May 10 04:48:47.000 [warn] Received http status code 404 ("Not found") from server '172.18.0.4:9030' while fetching consensus directory.
May 10 04:48:49.000 [warn] Received http status code 404 ("Not found") from server '172.18.0.4:9030' while fetching consensus directory.
May 10 04:48:49.000 [warn] Received http status code 404 ("Not found") from server '172.18.0.4:9030' while fetching consensus directory.
May 10 04:48:50.000 [notice] I learned some more directory information, but not enough to build a circuit: We have no usable consensus.
May 10 04:48:51.000 [notice] I learned some more directory information, but not enough to build a circuit: We have no usable consensus.
May 10 04:48:51.000 [notice] Bootstrapped 50%: Loading relay descriptors
May 10 04:48:57.000 [notice] I learned some more directory information, but not enough to build a circuit: We're missing descriptors for 1/2 of our primary entry guards (total microdescriptors: 0/1).
May 10 04:48:57.000 [notice] Bootstrapped 80%: Connecting to the Tor network
May 10 04:49:02.000 [notice] Our directory information is no longer up-to-date enough to build circuits: We need more microdescriptors: we have 1/3, and can only build 3% of likely paths. (We have 33% of guards bw, 33% of midpoint bw, and 33% of exit bw = 3% of path bw.)
May 10 04:49:02.000 [notice] I learned some more directory information, but not enough to build a circuit: We need more microdescriptors: we have 1/3, and can only build 3% of likely paths. (We have 33% of guards bw, 33% of midpoint bw, and 33% of exit bw = 3% of path bw.)
May 10 04:49:02.000 [notice] We now have enough directory information to build circuits.
May 10 04:49:02.000 [warn] No available nodes when trying to choose node. Failing.
May 10 04:49:02.000 [warn] No available nodes when trying to choose node. Failing.
May 10 04:49:02.000 [warn] Failed to find node for hop #2 of our path. Discarding this circuit.
May 10 04:49:02.000 [notice] Our circuit 0 (id: 6) died due to an invalid selected path, purpose General-purpose client. This may be a torrc configuration issue, or a bug.
May 10 04:49:03.000 [warn] No available nodes when trying to choose node. Failing.
May 10 04:49:03.000 [warn] No available nodes when trying to choose node. Failing.
May 10 04:49:03.000 [warn] Failed to find node for hop #2 of our path. Discarding this circuit.
May 10 04:49:05.000 [warn] No available nodes when trying to choose node. Failing.
May 10 04:49:05.000 [warn] No available nodes when trying to choose node. Failing.
May 10 04:49:05.000 [warn] Failed to find node for hop #2 of our path. Discarding this circuit.
May 10 04:49:05.000 [warn] No available nodes when trying to choose node. Failing.
May 10 04:49:05.000 [warn] No available nodes when trying to choose node. Failing.
May 10 04:49:05.000 [warn] Failed to find node for hop #2 of our path. Discarding this circuit.
May 10 04:49:07.000 [warn] No available nodes when trying to choose node. Failing.
May 10 04:49:07.000 [warn] No available nodes when trying to choose node. Failing.
May 10 04:49:07.000 [warn] Failed to find node for hop #2 of our path. Discarding this circuit.
May 10 04:49:07.000 [warn] No available nodes when trying to choose node. Failing.
May 10 04:49:07.000 [warn] No available nodes when trying to choose node. Failing.
May 10 04:49:07.000 [warn] Failed to find node for hop #2 of our path. Discarding this circuit.
May 10 04:49:08.000 [warn] No available nodes when trying to choose node. Failing.
May 10 04:49:08.000 [warn] No available nodes when trying to choose node. Failing.
May 10 04:49:08.000 [warn] Failed to find node for hop #2 of our path. Discarding this circuit.
May 10 04:49:09.000 [warn] No available nodes when trying to choose node. Failing.
May 10 04:49:09.000 [warn] No available nodes when trying to choose node. Failing.
May 10 04:49:09.000 [warn] Failed to find node for hop #2 of our path. Discarding this circuit.
May 10 04:49:10.000 [warn] No available nodes when trying to choose node. Failing.
May 10 04:49:10.000 [warn] No available nodes when trying to choose node. Failing.
May 10 04:49:10.000 [warn] Failed to find node for hop #2 of our path. Discarding this circuit.
May 10 04:49:11.000 [warn] No available nodes when trying to choose node. Failing.
May 10 04:49:11.000 [warn] No available nodes when trying to choose node. Failing.
May 10 04:49:11.000 [warn] Failed to find node for hop #2 of our path. Discarding this circuit.
May 10 04:49:12.000 [warn] No available nodes when trying to choose node. Failing.
May 10 04:49:12.000 [warn] No available nodes when trying to choose node. Failing.
May 10 04:49:12.000 [warn] Failed to find node for hop #2 of our path. Discarding this circuit.
May 10 04:49:13.000 [notice] Self-testing indicates your ORPort is reachable from the outside. Excellent. Publishing server descriptor.
May 10 04:49:52.000 [warn] No available nodes when trying to choose node. Failing.
May 10 04:49:52.000 [warn] No available nodes when trying to choose node. Failing.
May 10 04:49:52.000 [warn] Failed to find node for hop #2 of our path. Discarding this circuit.
May 10 04:49:53.000 [warn] No available nodes when trying to choose node. Failing.
May 10 04:49:53.000 [warn] No available nodes when trying to choose node. Failing.
May 10 04:49:53.000 [warn] Failed to find node for hop #2 of our path. Discarding this circuit.
May 10 04:50:19.000 [warn] No available nodes when trying to choose node. Failing.
May 10 04:50:19.000 [warn] No available nodes when trying to choose node. Failing.
May 10 04:50:19.000 [warn] Failed to find node for hop #2 of our path. Discarding this circuit.
May 10 04:50:20.000 [warn] No available nodes when trying to choose node. Failing.
May 10 04:50:20.000 [warn] No available nodes when trying to choose node. Failing.
May 10 04:50:20.000 [warn] Failed to find node for hop #2 of our path. Discarding this circuit.
May 10 04:50:21.000 [warn] No available nodes when trying to choose node. Failing.
May 10 04:50:21.000 [warn] No available nodes when trying to choose node. Failing.
May 10 04:50:21.000 [warn] Failed to find node for hop #2 of our path. Discarding this circuit.
May 10 04:50:22.000 [warn] No available nodes when trying to choose node. Failing.
May 10 04:50:22.000 [warn] No available nodes when trying to choose node. Failing.
May 10 04:50:22.000 [warn] Failed to find node for hop #2 of our path. Discarding this circuit.
May 10 04:50:26.000 [warn] No available nodes when trying to choose node. Failing.
May 10 04:50:26.000 [warn] No available nodes when trying to choose node. Failing.
May 10 04:50:26.000 [warn] Failed to find node for hop #2 of our path. Discarding this circuit.
May 10 04:50:51.000 [warn] No available nodes when trying to choose node. Failing.
May 10 04:50:51.000 [warn] No available nodes when trying to choose node. Failing.
May 10 04:50:51.000 [warn] Failed to find node for hop #2 of our path. Discarding this circuit.
May 10 04:50:52.000 [warn] No available nodes when trying to choose node. Failing.
May 10 04:50:52.000 [warn] No available nodes when trying to choose node. Failing.
May 10 04:50:52.000 [warn] Failed to find node for hop #2 of our path. Discarding this circuit.
May 10 04:50:53.000 [warn] No available nodes when trying to choose node. Failing.
May 10 04:50:53.000 [warn] No available nodes when trying to choose node. Failing.
May 10 04:50:53.000 [warn] Failed to find node for hop #2 of our path. Discarding this circuit.
May 10 04:50:54.000 [warn] No available nodes when trying to choose node. Failing.
May 10 04:50:54.000 [warn] No available nodes when trying to choose node. Failing.
May 10 04:50:54.000 [warn] Failed to find node for hop #2 of our path. Discarding this circuit.
May 10 04:50:55.000 [warn] No available nodes when trying to choose node. Failing.
May 10 04:50:55.000 [warn] No available nodes when trying to choose node. Failing.
May 10 04:50:55.000 [warn] Failed to find node for hop #2 of our path. Discarding this circuit.
May 10 04:50:56.000 [warn] No available nodes when trying to choose node. Failing.
May 10 04:50:56.000 [warn] No available nodes when trying to choose node. Failing.
May 10 04:50:56.000 [warn] Failed to find node for hop #2 of our path. Discarding this circuit.
May 10 04:50:58.000 [warn] No available nodes when trying to choose node. Failing.
May 10 04:50:58.000 [warn] No available nodes when trying to choose node. Failing.
May 10 04:50:58.000 [warn] Failed to find node for hop #2 of our path. Discarding this circuit.
May 10 04:50:58.000 [warn] No available nodes when trying to choose node. Failing.
May 10 04:50:58.000 [warn] No available nodes when trying to choose node. Failing.
May 10 04:50:58.000 [warn] Failed to find node for hop #2 of our path. Discarding this circuit.
May 10 04:50:59.000 [warn] No available nodes when trying to choose node. Failing.
May 10 04:50:59.000 [warn] No available nodes when trying to choose node. Failing.
May 10 04:50:59.000 [warn] Failed to find node for hop #2 of our path. Discarding this circuit.
May 10 04:51:00.000 [warn] No available nodes when trying to choose node. Failing.
May 10 04:51:00.000 [warn] No available nodes when trying to choose node. Failing.
May 10 04:51:00.000 [warn] Failed to find node for hop #2 of our path. Discarding this circuit.
May 10 04:51:01.000 [warn] No available nodes when trying to choose node. Failing.
May 10 04:51:01.000 [warn] No available nodes when trying to choose node. Failing.
May 10 04:51:01.000 [warn] Failed to find node for hop #2 of our path. Discarding this circuit.
May 10 04:51:02.000 [warn] No available nodes when trying to choose node. Failing.
May 10 04:51:02.000 [warn] No available nodes when trying to choose node. Failing.
May 10 04:51:02.000 [warn] Failed to find node for hop #2 of our path. Discarding this circuit.
May 10 04:51:03.000 [warn] No available nodes when trying to choose node. Failing.
May 10 04:51:03.000 [warn] No available nodes when trying to choose node. Failing.
May 10 04:51:03.000 [warn] Failed to find node for hop #2 of our path. Discarding this circuit.
May 10 04:51:21.000 [warn] No available nodes when trying to choose node. Failing.
May 10 04:51:21.000 [warn] No available nodes when trying to choose node. Failing.
May 10 04:51:21.000 [warn] Failed to find node for hop #2 of our path. Discarding this circuit.
May 10 04:51:22.000 [warn] No available nodes when trying to choose node. Failing.
May 10 04:51:22.000 [warn] No available nodes when trying to choose node. Failing.
May 10 04:51:22.000 [warn] Failed to find node for hop #2 of our path. Discarding this circuit.
May 10 04:51:23.000 [warn] No available nodes when trying to choose node. Failing.
May 10 04:51:23.000 [warn] No available nodes when trying to choose node. Failing.
May 10 04:51:23.000 [warn] Failed to find node for hop #2 of our path. Discarding this circuit.
May 10 04:51:24.000 [warn] No available nodes when trying to choose node. Failing.
May 10 04:51:24.000 [warn] No available nodes when trying to choose node. Failing.
May 10 04:51:24.000 [warn] Failed to find node for hop #2 of our path. Discarding this circuit.
May 10 04:51:25.000 [warn] No available nodes when trying to choose node. Failing.
May 10 04:51:25.000 [warn] No available nodes when trying to choose node. Failing.
May 10 04:51:25.000 [warn] Failed to find node for hop #2 of our path. Discarding this circuit.
May 10 04:51:26.000 [warn] No available nodes when trying to choose node. Failing.
May 10 04:51:26.000 [warn] No available nodes when trying to choose node. Failing.
May 10 04:51:26.000 [warn] Failed to find node for hop #2 of our path. Discarding this circuit.
May 10 04:51:27.000 [warn] No available nodes when trying to choose node. Failing.
May 10 04:51:27.000 [warn] No available nodes when trying to choose node. Failing.
May 10 04:51:27.000 [warn] Failed to find node for hop #2 of our path. Discarding this circuit.
May 10 04:51:28.000 [warn] No available nodes when trying to choose node. Failing.
May 10 04:51:28.000 [warn] No available nodes when trying to choose node. Failing.
May 10 04:51:28.000 [warn] Failed to find node for hop #2 of our path. Discarding this circuit.
May 10 04:51:29.000 [warn] No available nodes when trying to choose node. Failing.
May 10 04:51:29.000 [warn] No available nodes when trying to choose node. Failing.
May 10 04:51:29.000 [warn] Failed to find node for hop #2 of our path. Discarding this circuit.
May 10 04:51:30.000 [warn] No available nodes when trying to choose node. Failing.
May 10 04:51:30.000 [warn] No available nodes when trying to choose node. Failing.
May 10 04:51:30.000 [warn] Failed to find node for hop #2 of our path. Discarding this circuit.
May 10 04:51:31.000 [warn] No available nodes when trying to choose node. Failing.
May 10 04:51:31.000 [warn] No available nodes when trying to choose node. Failing.
May 10 04:51:31.000 [warn] Failed to find node for hop #2 of our path. Discarding this circuit.
May 10 04:51:33.000 [warn] No available nodes when trying to choose node. Failing.
May 10 04:51:33.000 [warn] No available nodes when trying to choose node. Failing.
May 10 04:51:33.000 [warn] Failed to find node for hop #2 of our path. Discarding this circuit.
May 10 04:51:34.000 [warn] No available nodes when trying to choose node. Failing.
May 10 04:51:34.000 [warn] No available nodes when trying to choose node. Failing.
May 10 04:51:34.000 [warn] Failed to find node for hop #2 of our path. Discarding this circuit.
May 10 04:51:35.000 [warn] No available nodes when trying to choose node. Failing.
May 10 04:51:35.000 [warn] No available nodes when trying to choose node. Failing.
May 10 04:51:35.000 [warn] Failed to find node for hop #2 of our path. Discarding this circuit.
May 10 04:51:36.000 [warn] No available nodes when trying to choose node. Failing.
May 10 04:51:36.000 [warn] No available nodes when trying to choose node. Failing.
May 10 04:51:36.000 [warn] Failed to find node for hop #2 of our path. Discarding this circuit.
May 10 04:51:37.000 [warn] No available nodes when trying to choose node. Failing.
May 10 04:51:37.000 [warn] No available nodes when trying to choose node. Failing.
May 10 04:51:37.000 [warn] Failed to find node for hop #2 of our path. Discarding this circuit.
May 10 04:51:38.000 [warn] No available nodes when trying to choose node. Failing.
May 10 04:51:38.000 [warn] No available nodes when trying to choose node. Failing.
May 10 04:51:38.000 [warn] Failed to find node for hop #2 of our path. Discarding this circuit.
May 10 04:51:39.000 [warn] No available nodes when trying to choose node. Failing.
May 10 04:51:39.000 [warn] No available nodes when trying to choose node. Failing.
May 10 04:51:39.000 [warn] Failed to find node for hop #2 of our path. Discarding this circuit.
May 10 04:51:40.000 [warn] No available nodes when trying to choose node. Failing.
May 10 04:51:40.000 [warn] No available nodes when trying to choose node. Failing.
May 10 04:51:40.000 [warn] Failed to find node for hop #2 of our path. Discarding this circuit.
May 10 04:51:41.000 [warn] No available nodes when trying to choose node. Failing.
May 10 04:51:41.000 [warn] No available nodes when trying to choose node. Failing.
May 10 04:51:41.000 [warn] Failed to find node for hop #2 of our path. Discarding this circuit.
May 10 04:51:42.000 [warn] No available nodes when trying to choose node. Failing.
May 10 04:51:42.000 [warn] No available nodes when trying to choose node. Failing.
May 10 04:51:42.000 [warn] Failed to find node for hop #2 of our path. Discarding this circuit.
May 10 04:51:43.000 [warn] No available nodes when trying to choose node. Failing.
May 10 04:51:43.000 [warn] No available nodes when trying to choose node. Failing.
May 10 04:51:43.000 [warn] Failed to find node for hop #2 of our path. Discarding this circuit.
May 10 04:51:45.000 [warn] No available nodes when trying to choose node. Failing.
May 10 04:51:45.000 [warn] No available nodes when trying to choose node. Failing.
May 10 04:51:45.000 [warn] Failed to find node for hop #2 of our path. Discarding this circuit.
May 10 04:51:46.000 [warn] No available nodes when trying to choose node. Failing.
May 10 04:51:46.000 [warn] No available nodes when trying to choose node. Failing.
May 10 04:51:46.000 [warn] Failed to find node for hop #2 of our path. Discarding this circuit.
May 10 04:51:47.000 [warn] No available nodes when trying to choose node. Failing.
May 10 04:51:47.000 [warn] No available nodes when trying to choose node. Failing.
May 10 04:51:47.000 [warn] Failed to find node for hop #2 of our path. Discarding this circuit.
May 10 04:51:48.000 [warn] No available nodes when trying to choose node. Failing.
May 10 04:51:48.000 [warn] No available nodes when trying to choose node. Failing.
May 10 04:51:48.000 [warn] Failed to find node for hop #2 of our path. Discarding this circuit.
May 10 04:51:49.000 [warn] No available nodes when trying to choose node. Failing.
May 10 04:51:49.000 [warn] No available nodes when trying to choose node. Failing.
May 10 04:51:49.000 [warn] Failed to find node for hop #2 of our path. Discarding this circuit.
May 10 04:51:50.000 [warn] No available nodes when trying to choose node. Failing.
May 10 04:51:50.000 [warn] No available nodes when trying to choose node. Failing.
May 10 04:51:50.000 [warn] Failed to find node for hop #2 of our path. Discarding this circuit.
May 10 04:51:51.000 [warn] No available nodes when trying to choose node. Failing.
May 10 04:51:51.000 [warn] No available nodes when trying to choose node. Failing.
May 10 04:51:51.000 [warn] Failed to find node for hop #2 of our path. Discarding this circuit.
May 10 04:51:52.000 [warn] No available nodes when trying to choose node. Failing.
May 10 04:51:52.000 [warn] No available nodes when trying to choose node. Failing.
May 10 04:51:52.000 [warn] Failed to find node for hop #2 of our path. Discarding this circuit.
May 10 04:51:53.000 [warn] No available nodes when trying to choose node. Failing.
May 10 04:51:53.000 [warn] No available nodes when trying to choose node. Failing.
May 10 04:51:53.000 [warn] Failed to find node for hop #2 of our path. Discarding this circuit.
May 10 04:51:54.000 [warn] No available nodes when trying to choose node. Failing.
May 10 04:51:54.000 [warn] No available nodes when trying to choose node. Failing.
May 10 04:51:54.000 [warn] Failed to find node for hop #2 of our path. Discarding this circuit.
May 10 04:51:55.000 [warn] No available nodes when trying to choose node. Failing.
May 10 04:51:55.000 [warn] No available nodes when trying to choose node. Failing.
May 10 04:51:55.000 [warn] Failed to find node for hop #2 of our path. Discarding this circuit.
May 10 04:51:56.000 [warn] No available nodes when trying to choose node. Failing.
May 10 04:51:56.000 [warn] No available nodes when trying to choose node. Failing.
May 10 04:51:56.000 [warn] Failed to find node for hop #2 of our path. Discarding this circuit.
May 10 04:51:57.000 [warn] No available nodes when trying to choose node. Failing.
May 10 04:51:57.000 [warn] No available nodes when trying to choose node. Failing.
May 10 04:51:57.000 [warn] Failed to find node for hop #2 of our path. Discarding this circuit.
May 10 04:51:58.000 [warn] No available nodes when trying to choose node. Failing.
May 10 04:51:58.000 [warn] No available nodes when trying to choose node. Failing.
May 10 04:51:58.000 [warn] Failed to find node for hop #2 of our path. Discarding this circuit.
May 10 04:51:59.000 [warn] No available nodes when trying to choose node. Failing.
May 10 04:51:59.000 [warn] No available nodes when trying to choose node. Failing.
May 10 04:51:59.000 [warn] Failed to find node for hop #2 of our path. Discarding this circuit.
May 10 04:52:00.000 [warn] No available nodes when trying to choose node. Failing.
May 10 04:52:00.000 [warn] No available nodes when trying to choose node. Failing.
May 10 04:52:00.000 [warn] Failed to find node for hop #2 of our path. Discarding this circuit.
May 10 04:52:01.000 [warn] No available nodes when trying to choose node. Failing.
May 10 04:52:01.000 [warn] No available nodes when trying to choose node. Failing.
May 10 04:52:01.000 [warn] Failed to find node for hop #2 of our path. Discarding this circuit.
May 10 04:52:02.000 [warn] No available nodes when trying to choose node. Failing.
May 10 04:52:02.000 [warn] No available nodes when trying to choose node. Failing.
May 10 04:52:02.000 [warn] Failed to find node for hop #2 of our path. Discarding this circuit.
May 10 04:52:03.000 [warn] No available nodes when trying to choose node. Failing.
May 10 04:52:03.000 [warn] No available nodes when trying to choose node. Failing.
May 10 04:52:03.000 [warn] Failed to find node for hop #2 of our path. Discarding this circuit.
May 10 04:52:04.000 [warn] No available nodes when trying to choose node. Failing.
May 10 04:52:04.000 [warn] No available nodes when trying to choose node. Failing.
May 10 04:52:04.000 [warn] Failed to find node for hop #2 of our path. Discarding this circuit.
May 10 04:52:11.000 [warn] No available nodes when trying to choose node. Failing.
May 10 04:52:11.000 [warn] No available nodes when trying to choose node. Failing.
May 10 04:52:11.000 [warn] Failed to find node for hop #2 of our path. Discarding this circuit.
May 10 04:52:13.000 [warn] No available nodes when trying to choose node. Failing.
May 10 04:52:13.000 [warn] No available nodes when trying to choose node. Failing.
May 10 04:52:13.000 [warn] Failed to find node for hop #2 of our path. Discarding this circuit.
May 10 04:52:14.000 [warn] No available nodes when trying to choose node. Failing.
May 10 04:52:14.000 [warn] No available nodes when trying to choose node. Failing.
May 10 04:52:14.000 [warn] Failed to find node for hop #2 of our path. Discarding this circuit.
May 10 04:52:15.000 [warn] No available nodes when trying to choose node. Failing.
May 10 04:52:15.000 [warn] No available nodes when trying to choose node. Failing.
May 10 04:52:15.000 [warn] Failed to find node for hop #2 of our path. Discarding this circuit.
